Using pre-set license
Built from '2020.3/china_unity/release' branch; Version is '2020.3.22f1c1 (9ee66e5289da) revision 10413678'; Using compiler version '192528614'; Build Type 'Release'
OS: 'Windows 10 Home; OS build 19041.1348; Version 2004; 64bit' Language: 'zh' Physical Memory: 32476 MB
BatchMode: 1, IsHumanControllingUs: 0, StartBugReporterOnCrash: 0, Is64bit: 1, IsPro: 0

COMMAND LINE ARGUMENTS:
D:\Program Files (x86)\2020.3.22f1c1\Editor\Unity.exe
-adb2
-batchMode
-noUpm
-name
AssetImportWorker0
-projectPath
E:/Unity_Achrive/2021.12Projectorwarp/FourChannelWarp
-logFile
Logs/AssetImportWorker0.log
-srvPort
51823
Successfully changed project path to: E:/Unity_Achrive/2021.12Projectorwarp/FourChannelWarp
E:/Unity_Achrive/2021.12Projectorwarp/FourChannelWarp
Using Asset Import Pipeline V2.
AS: AutoStreaming module initializing.Refreshing native plugins compatible for Editor in 27.22 ms, found 2 plugins.
Preloading 0 native plugins for Editor in 0.00 ms.
Initialize engine version: 2020.3.22f1c1 (9ee66e5289da)
[Subsystems] Discovering subsystems at path D:/Program Files (x86)/2020.3.22f1c1/Editor/Data/Resources/UnitySubsystems
[Subsystems] Discovering subsystems at path E:/Unity_Achrive/2021.12Projectorwarp/FourChannelWarp/Assets
GfxDevice: creating device client; threaded=0
Direct3D:
    Version:  Direct3D 11.0 [level 11.1]
    Renderer: NVIDIA Quadro P3200 with Max-Q Design (ID=0x1bbb)
    Vendor:   
    VRAM:     6043 MB
    Driver:   30.0.14.7242
Initialize mono
Mono path[0] = 'D:/Program Files (x86)/2020.3.22f1c1/Editor/Data/Managed'
Mono path[1] = 'D:/Program Files (x86)/2020.3.22f1c1/Editor/Data/MonoBleedingEdge/lib/mono/unityjit'
Mono config path = 'D:/Program Files (x86)/2020.3.22f1c1/Editor/Data/MonoBleedingEdge/etc'
Using monoOptions --debugger-agent=transport=dt_socket,embedding=1,server=y,suspend=n,address=127.0.0.1:56672
Begin MonoManager ReloadAssembly
Registering precompiled unity dll's ...
Register platform support module: D:/Program Files (x86)/2020.3.22f1c1/Editor/Data/PlaybackEngines/WindowsStandaloneSupport/UnityEditor.WindowsStandalone.Extensions.dll
Registered in 0.000887 seconds.
Native extension for WindowsStandalone target not found
Refreshing native plugins compatible for Editor in 26.69 ms, found 2 plugins.
Preloading 0 native plugins for Editor in 0.00 ms.
Mono: successfully reloaded assembly
- Completed reload, in  1.312 seconds
Domain Reload Profiling:
	ReloadAssembly (1312ms)
		BeginReloadAssembly (44ms)
			ExecutionOrderSort (0ms)
			DisableScriptedObjects (0ms)
			BackupInstance (0ms)
			ReleaseScriptingObjects (0ms)
			CreateAndSetChildDomain (1ms)
		EndReloadAssembly (380ms)
			LoadAssemblies (43ms)
			RebuildTransferFunctionScriptingTraits (0ms)
			SetupTypeCache (131ms)
			ReleaseScriptCaches (0ms)
			RebuildScriptCaches (31ms)
			SetupLoadedEditorAssemblies (139ms)
				LogAssemblyErrors (0ms)
				InitializePlatformSupportModulesInManaged (3ms)
				SetLoadedEditorAssemblies (0ms)
				RefreshPlugins (27ms)
				BeforeProcessingInitializeOnLoad (14ms)
				ProcessInitializeOnLoadAttributes (70ms)
				ProcessInitializeOnLoadMethodAttributes (24ms)
				AfterProcessingInitializeOnLoad (0ms)
				EditorAssembliesLoaded (0ms)
			ExecutionOrderSort2 (0ms)
			AwakeInstancesAfterBackupRestoration (0ms)
Platform modules already initialized, skipping
Registering precompiled user dll's ...
Registered in 0.002365 seconds.
Begin MonoManager ReloadAssembly
Native extension for WindowsStandalone target not found
Refreshing native plugins compatible for Editor in 0.33 ms, found 2 plugins.
Preloading 0 native plugins for Editor in 0.00 ms.
Mono: successfully reloaded assembly
- Completed reload, in  0.889 seconds
Domain Reload Profiling:
	ReloadAssembly (890ms)
		BeginReloadAssembly (122ms)
			ExecutionOrderSort (0ms)
			DisableScriptedObjects (5ms)
			BackupInstance (0ms)
			ReleaseScriptingObjects (0ms)
			CreateAndSetChildDomain (17ms)
		EndReloadAssembly (711ms)
			LoadAssemblies (70ms)
			RebuildTransferFunctionScriptingTraits (0ms)
			SetupTypeCache (250ms)
			ReleaseScriptCaches (0ms)
			RebuildScriptCaches (37ms)
			SetupLoadedEditorAssemblies (263ms)
				LogAssemblyErrors (0ms)
				InitializePlatformSupportModulesInManaged (4ms)
				SetLoadedEditorAssemblies (0ms)
				RefreshPlugins (0ms)
				BeforeProcessingInitializeOnLoad (70ms)
				ProcessInitializeOnLoadAttributes (178ms)
				ProcessInitializeOnLoadMethodAttributes (7ms)
				AfterProcessingInitializeOnLoad (2ms)
				EditorAssembliesLoaded (0ms)
			ExecutionOrderSort2 (0ms)
			AwakeInstancesAfterBackupRestoration (6ms)
Platform modules already initialized, skipping
========================================================================
Worker process is ready to serve import requests
Launched and connected shader compiler UnityShaderCompiler.exe after 0.04 seconds
Refreshing native plugins compatible for Editor in 0.52 ms, found 2 plugins.
Preloading 0 native plugins for Editor in 0.00 ms.
Unloading 1505 Unused Serialized files (Serialized files now loaded: 0)
System memory in use before: 69.3 MB.
System memory in use after: 69.4 MB.

Unloading 19 unused Assets to reduce memory usage. Loaded Objects now: 1939.
Total: 4.265900 ms (FindLiveObjects: 0.199400 ms CreateObjectMapping: 0.062200 ms MarkObjects: 3.908100 ms  DeleteObjects: 0.095000 ms)

AssetImportParameters requested are different than current active one (requested -> active):
  custom:framework-win-MediaFoundation: 216162199b28c13a410421893ffa2e32 -> 
  custom:video-decoder-ogg-theora: a1e56fd34408186e4bbccfd4996cb3dc -> 
  custom:container-muxer-webm: aa71ff27fc2769a1b78a27578f13a17b -> 
  custom:container-demuxer-webm: 4f35f7cbe854078d1ac9338744f61a02 -> 
  custom:container-demuxer-ogg: 62fdf1f143b41e24485cea50d1cbac27 -> 
  custom:video-encoder-webm-vp8: eb34c28f22e8b96e1ab97ce403110664 -> 
  custom:video-decoder-webm-vp8: 9c59270c3fd7afecdb556c50c9e8de78 -> 
  custom:audio-decoder-ogg-vorbis: bf7c407c2cedff20999df2af8eb42d56 -> 
  custom:audio-encoder-webm-vorbis: bf7c407c2cedff20999df2af8eb42d56 -> 
========================================================================
Received Import Request.
  path: Assets/ProjectorWarp/Scripts
  artifactKey: Guid(9d682be67730e264c8ae88ebd7ee68e1) Importer(815301076,1909f56bfc062723c751e8b465ee728b)
Start importing Assets/ProjectorWarp/Scripts using Guid(9d682be67730e264c8ae88ebd7ee68e1) Importer(815301076,1909f56bfc062723c751e8b465ee728b)  -> (artifact id: 'af45c74e8c29affbd787ed3faf0a3d0c') in 0.014729 seconds 
  Import took 0.018002 seconds .

========================================================================
Received Import Request.
  Time since last request: 1.854274 seconds.
  path: Assets/ProjectorWarp
  artifactKey: Guid(d5c1e41aeee91524ca6f4a7ca4792bf5) Importer(815301076,1909f56bfc062723c751e8b465ee728b)
Start importing Assets/ProjectorWarp using Guid(d5c1e41aeee91524ca6f4a7ca4792bf5) Importer(815301076,1909f56bfc062723c751e8b465ee728b)  -> (artifact id: '46178f0947f64595df96b0216607049f') in 0.000878 seconds 
  Import took 0.003203 seconds .

========================================================================
Received Import Request.
  Time since last request: 236.510761 seconds.
  path: Assets/ProjectorWarp/Scripts/ProjectionWarpSystem.cs
  artifactKey: Guid(a4ca7b0beba99b743a1f975f0b95fbb1) Importer(815301076,1909f56bfc062723c751e8b465ee728b)
Start importing Assets/ProjectorWarp/Scripts/ProjectionWarpSystem.cs using Guid(a4ca7b0beba99b743a1f975f0b95fbb1) Importer(815301076,1909f56bfc062723c751e8b465ee728b)  -> (artifact id: '0b3749b041c5cad979334d14ad2f9260') in 0.036643 seconds 
  Import took 0.039508 seconds .

========================================================================
Received Import Request.
  Time since last request: 3293.449475 seconds.
  path: Assets/StreamingAssets/projector_calibration.json
  artifactKey: Guid(99fd4657ed5ac454897791eb3425a424) Importer(815301076,1909f56bfc062723c751e8b465ee728b)
Start importing Assets/StreamingAssets/projector_calibration.json using Guid(99fd4657ed5ac454897791eb3425a424) Importer(815301076,1909f56bfc062723c751e8b465ee728b)  -> (artifact id: 'c29ce455fe04d11cb28b70974acbc9fb') in 0.014106 seconds 
  Import took 0.016781 seconds .

========================================================================
Received Prepare
Registering precompiled user dll's ...
Registered in 0.002324 seconds.
Begin MonoManager ReloadAssembly
Native extension for WindowsStandalone target not found
Refreshing native plugins compatible for Editor in 0.33 ms, found 2 plugins.
Preloading 0 native plugins for Editor in 0.00 ms.
Mono: successfully reloaded assembly
- Completed reload, in  0.846 seconds
Domain Reload Profiling:
	ReloadAssembly (847ms)
		BeginReloadAssembly (108ms)
			ExecutionOrderSort (0ms)
			DisableScriptedObjects (4ms)
			BackupInstance (0ms)
			ReleaseScriptingObjects (0ms)
			CreateAndSetChildDomain (32ms)
		EndReloadAssembly (687ms)
			LoadAssemblies (69ms)
			RebuildTransferFunctionScriptingTraits (0ms)
			SetupTypeCache (268ms)
			ReleaseScriptCaches (1ms)
			RebuildScriptCaches (35ms)
			SetupLoadedEditorAssemblies (233ms)
				LogAssemblyErrors (0ms)
				InitializePlatformSupportModulesInManaged (4ms)
				SetLoadedEditorAssemblies (0ms)
				RefreshPlugins (0ms)
				BeforeProcessingInitializeOnLoad (58ms)
				ProcessInitializeOnLoadAttributes (161ms)
				ProcessInitializeOnLoadMethodAttributes (7ms)
				AfterProcessingInitializeOnLoad (2ms)
				EditorAssembliesLoaded (0ms)
			ExecutionOrderSort2 (0ms)
			AwakeInstancesAfterBackupRestoration (6ms)
Platform modules already initialized, skipping
Refreshing native plugins compatible for Editor in 0.34 ms, found 2 plugins.
Preloading 0 native plugins for Editor in 0.00 ms.
Unloading 1496 Unused Serialized files (Serialized files now loaded: 0)
System memory in use before: 68.9 MB.
System memory in use after: 69.0 MB.

Unloading 14 unused Assets to reduce memory usage. Loaded Objects now: 1941.
Total: 2.844100 ms (FindLiveObjects: 0.143300 ms CreateObjectMapping: 0.045200 ms MarkObjects: 2.636100 ms  DeleteObjects: 0.018500 ms)

AssetImportParameters requested are different than current active one (requested -> active):
  custom:framework-win-MediaFoundation: 216162199b28c13a410421893ffa2e32 -> 
  custom:video-decoder-ogg-theora: a1e56fd34408186e4bbccfd4996cb3dc -> 
  custom:container-muxer-webm: aa71ff27fc2769a1b78a27578f13a17b -> 
  custom:container-demuxer-webm: 4f35f7cbe854078d1ac9338744f61a02 -> 
  custom:container-demuxer-ogg: 62fdf1f143b41e24485cea50d1cbac27 -> 
  custom:video-encoder-webm-vp8: eb34c28f22e8b96e1ab97ce403110664 -> 
  custom:video-decoder-webm-vp8: 9c59270c3fd7afecdb556c50c9e8de78 -> 
  custom:audio-decoder-ogg-vorbis: bf7c407c2cedff20999df2af8eb42d56 -> 
  custom:audio-encoder-webm-vorbis: bf7c407c2cedff20999df2af8eb42d56 -> 
========================================================================
Received Prepare
Registering precompiled user dll's ...
Registered in 0.003473 seconds.
Begin MonoManager ReloadAssembly
Native extension for WindowsStandalone target not found
Refreshing native plugins compatible for Editor in 0.33 ms, found 2 plugins.
Preloading 0 native plugins for Editor in 0.00 ms.
Mono: successfully reloaded assembly
- Completed reload, in  0.845 seconds
Domain Reload Profiling:
	ReloadAssembly (846ms)
		BeginReloadAssembly (105ms)
			ExecutionOrderSort (0ms)
			DisableScriptedObjects (4ms)
			BackupInstance (0ms)
			ReleaseScriptingObjects (0ms)
			CreateAndSetChildDomain (35ms)
		EndReloadAssembly (692ms)
			LoadAssemblies (68ms)
			RebuildTransferFunctionScriptingTraits (0ms)
			SetupTypeCache (238ms)
			ReleaseScriptCaches (1ms)
			RebuildScriptCaches (38ms)
			SetupLoadedEditorAssemblies (241ms)
				LogAssemblyErrors (0ms)
				InitializePlatformSupportModulesInManaged (4ms)
				SetLoadedEditorAssemblies (0ms)
				RefreshPlugins (0ms)
				BeforeProcessingInitializeOnLoad (59ms)
				ProcessInitializeOnLoadAttributes (166ms)
				ProcessInitializeOnLoadMethodAttributes (9ms)
				AfterProcessingInitializeOnLoad (2ms)
				EditorAssembliesLoaded (0ms)
			ExecutionOrderSort2 (0ms)
			AwakeInstancesAfterBackupRestoration (6ms)
Platform modules already initialized, skipping
Refreshing native plugins compatible for Editor in 0.45 ms, found 2 plugins.
Preloading 0 native plugins for Editor in 0.00 ms.
Unloading 1496 Unused Serialized files (Serialized files now loaded: 0)
System memory in use before: 68.9 MB.
System memory in use after: 69.0 MB.

Unloading 14 unused Assets to reduce memory usage. Loaded Objects now: 1943.
Total: 3.477500 ms (FindLiveObjects: 0.210000 ms CreateObjectMapping: 0.067200 ms MarkObjects: 3.177700 ms  DeleteObjects: 0.021100 ms)

AssetImportParameters requested are different than current active one (requested -> active):
  custom:framework-win-MediaFoundation: 216162199b28c13a410421893ffa2e32 -> 
  custom:video-decoder-ogg-theora: a1e56fd34408186e4bbccfd4996cb3dc -> 
  custom:container-muxer-webm: aa71ff27fc2769a1b78a27578f13a17b -> 
  custom:container-demuxer-webm: 4f35f7cbe854078d1ac9338744f61a02 -> 
  custom:container-demuxer-ogg: 62fdf1f143b41e24485cea50d1cbac27 -> 
  custom:video-encoder-webm-vp8: eb34c28f22e8b96e1ab97ce403110664 -> 
  custom:video-decoder-webm-vp8: 9c59270c3fd7afecdb556c50c9e8de78 -> 
  custom:audio-decoder-ogg-vorbis: bf7c407c2cedff20999df2af8eb42d56 -> 
  custom:audio-encoder-webm-vorbis: bf7c407c2cedff20999df2af8eb42d56 -> 
========================================================================
Received Prepare
Registering precompiled user dll's ...
Registered in 0.004408 seconds.
Begin MonoManager ReloadAssembly
Native extension for WindowsStandalone target not found
Refreshing native plugins compatible for Editor in 0.32 ms, found 2 plugins.
Preloading 0 native plugins for Editor in 0.00 ms.
Mono: successfully reloaded assembly
- Completed reload, in  0.808 seconds
Domain Reload Profiling:
	ReloadAssembly (808ms)
		BeginReloadAssembly (93ms)
			ExecutionOrderSort (0ms)
			DisableScriptedObjects (4ms)
			BackupInstance (0ms)
			ReleaseScriptingObjects (0ms)
			CreateAndSetChildDomain (28ms)
		EndReloadAssembly (666ms)
			LoadAssemblies (69ms)
			RebuildTransferFunctionScriptingTraits (0ms)
			SetupTypeCache (236ms)
			ReleaseScriptCaches (1ms)
			RebuildScriptCaches (34ms)
			SetupLoadedEditorAssemblies (244ms)
				LogAssemblyErrors (0ms)
				InitializePlatformSupportModulesInManaged (4ms)
				SetLoadedEditorAssemblies (0ms)
				RefreshPlugins (0ms)
				BeforeProcessingInitializeOnLoad (65ms)
				ProcessInitializeOnLoadAttributes (165ms)
				ProcessInitializeOnLoadMethodAttributes (7ms)
				AfterProcessingInitializeOnLoad (2ms)
				EditorAssembliesLoaded (0ms)
			ExecutionOrderSort2 (0ms)
			AwakeInstancesAfterBackupRestoration (6ms)
Platform modules already initialized, skipping
Refreshing native plugins compatible for Editor in 0.32 ms, found 2 plugins.
Preloading 0 native plugins for Editor in 0.00 ms.
Unloading 1496 Unused Serialized files (Serialized files now loaded: 0)
System memory in use before: 68.9 MB.
System memory in use after: 69.1 MB.

Unloading 14 unused Assets to reduce memory usage. Loaded Objects now: 1945.
Total: 3.593300 ms (FindLiveObjects: 0.155600 ms CreateObjectMapping: 0.048900 ms MarkObjects: 3.367200 ms  DeleteObjects: 0.020100 ms)

AssetImportParameters requested are different than current active one (requested -> active):
  custom:framework-win-MediaFoundation: 216162199b28c13a410421893ffa2e32 -> 
  custom:video-decoder-ogg-theora: a1e56fd34408186e4bbccfd4996cb3dc -> 
  custom:container-muxer-webm: aa71ff27fc2769a1b78a27578f13a17b -> 
  custom:container-demuxer-webm: 4f35f7cbe854078d1ac9338744f61a02 -> 
  custom:container-demuxer-ogg: 62fdf1f143b41e24485cea50d1cbac27 -> 
  custom:video-encoder-webm-vp8: eb34c28f22e8b96e1ab97ce403110664 -> 
  custom:video-decoder-webm-vp8: 9c59270c3fd7afecdb556c50c9e8de78 -> 
  custom:audio-decoder-ogg-vorbis: bf7c407c2cedff20999df2af8eb42d56 -> 
  custom:audio-encoder-webm-vorbis: bf7c407c2cedff20999df2af8eb42d56 -> 
========================================================================
Received Prepare
Registering precompiled user dll's ...
Registered in 0.002466 seconds.
Begin MonoManager ReloadAssembly
Native extension for WindowsStandalone target not found
Refreshing native plugins compatible for Editor in 0.32 ms, found 2 plugins.
Preloading 0 native plugins for Editor in 0.00 ms.
Mono: successfully reloaded assembly
- Completed reload, in  0.890 seconds
Domain Reload Profiling:
	ReloadAssembly (890ms)
		BeginReloadAssembly (91ms)
			ExecutionOrderSort (0ms)
			DisableScriptedObjects (4ms)
			BackupInstance (0ms)
			ReleaseScriptingObjects (0ms)
			CreateAndSetChildDomain (31ms)
		EndReloadAssembly (746ms)
			LoadAssemblies (71ms)
			RebuildTransferFunctionScriptingTraits (0ms)
			SetupTypeCache (277ms)
			ReleaseScriptCaches (1ms)
			RebuildScriptCaches (38ms)
			SetupLoadedEditorAssemblies (268ms)
				LogAssemblyErrors (0ms)
				InitializePlatformSupportModulesInManaged (5ms)
				SetLoadedEditorAssemblies (0ms)
				RefreshPlugins (0ms)
				BeforeProcessingInitializeOnLoad (66ms)
				ProcessInitializeOnLoadAttributes (187ms)
				ProcessInitializeOnLoadMethodAttributes (7ms)
				AfterProcessingInitializeOnLoad (2ms)
				EditorAssembliesLoaded (0ms)
			ExecutionOrderSort2 (0ms)
			AwakeInstancesAfterBackupRestoration (6ms)
Platform modules already initialized, skipping
Refreshing native plugins compatible for Editor in 1.78 ms, found 2 plugins.
Preloading 0 native plugins for Editor in 0.00 ms.
Unloading 1496 Unused Serialized files (Serialized files now loaded: 0)
System memory in use before: 69.0 MB.
System memory in use after: 69.1 MB.

Unloading 14 unused Assets to reduce memory usage. Loaded Objects now: 1947.
Total: 14.786300 ms (FindLiveObjects: 0.511500 ms CreateObjectMapping: 0.296300 ms MarkObjects: 13.842500 ms  DeleteObjects: 0.130000 ms)

AssetImportParameters requested are different than current active one (requested -> active):
  custom:framework-win-MediaFoundation: 216162199b28c13a410421893ffa2e32 -> 
  custom:video-decoder-ogg-theora: a1e56fd34408186e4bbccfd4996cb3dc -> 
  custom:container-muxer-webm: aa71ff27fc2769a1b78a27578f13a17b -> 
  custom:container-demuxer-webm: 4f35f7cbe854078d1ac9338744f61a02 -> 
  custom:container-demuxer-ogg: 62fdf1f143b41e24485cea50d1cbac27 -> 
  custom:video-encoder-webm-vp8: eb34c28f22e8b96e1ab97ce403110664 -> 
  custom:video-decoder-webm-vp8: 9c59270c3fd7afecdb556c50c9e8de78 -> 
  custom:audio-decoder-ogg-vorbis: bf7c407c2cedff20999df2af8eb42d56 -> 
  custom:audio-encoder-webm-vorbis: bf7c407c2cedff20999df2af8eb42d56 -> 
========================================================================
Received Prepare
Registering precompiled user dll's ...
Registered in 0.002810 seconds.
Begin MonoManager ReloadAssembly
Native extension for WindowsStandalone target not found
Refreshing native plugins compatible for Editor in 0.33 ms, found 2 plugins.
Preloading 0 native plugins for Editor in 0.00 ms.
Mono: successfully reloaded assembly
- Completed reload, in  0.927 seconds
Domain Reload Profiling:
	ReloadAssembly (928ms)
		BeginReloadAssembly (113ms)
			ExecutionOrderSort (0ms)
			DisableScriptedObjects (5ms)
			BackupInstance (0ms)
			ReleaseScriptingObjects (0ms)
			CreateAndSetChildDomain (39ms)
		EndReloadAssembly (748ms)
			LoadAssemblies (95ms)
			RebuildTransferFunctionScriptingTraits (0ms)
			SetupTypeCache (277ms)
			ReleaseScriptCaches (1ms)
			RebuildScriptCaches (41ms)
			SetupLoadedEditorAssemblies (250ms)
				LogAssemblyErrors (0ms)
				InitializePlatformSupportModulesInManaged (5ms)
				SetLoadedEditorAssemblies (0ms)
				RefreshPlugins (0ms)
				BeforeProcessingInitializeOnLoad (62ms)
				ProcessInitializeOnLoadAttributes (172ms)
				ProcessInitializeOnLoadMethodAttributes (8ms)
				AfterProcessingInitializeOnLoad (2ms)
				EditorAssembliesLoaded (0ms)
			ExecutionOrderSort2 (0ms)
			AwakeInstancesAfterBackupRestoration (7ms)
Platform modules already initialized, skipping
Refreshing native plugins compatible for Editor in 0.39 ms, found 2 plugins.
Preloading 0 native plugins for Editor in 0.00 ms.
Unloading 1496 Unused Serialized files (Serialized files now loaded: 0)
System memory in use before: 69.0 MB.
System memory in use after: 69.1 MB.

Unloading 14 unused Assets to reduce memory usage. Loaded Objects now: 1949.
Total: 5.206300 ms (FindLiveObjects: 0.458500 ms CreateObjectMapping: 0.144800 ms MarkObjects: 4.567500 ms  DeleteObjects: 0.033100 ms)

AssetImportParameters requested are different than current active one (requested -> active):
  custom:framework-win-MediaFoundation: 216162199b28c13a410421893ffa2e32 -> 
  custom:video-decoder-ogg-theora: a1e56fd34408186e4bbccfd4996cb3dc -> 
  custom:container-muxer-webm: aa71ff27fc2769a1b78a27578f13a17b -> 
  custom:container-demuxer-webm: 4f35f7cbe854078d1ac9338744f61a02 -> 
  custom:container-demuxer-ogg: 62fdf1f143b41e24485cea50d1cbac27 -> 
  custom:video-encoder-webm-vp8: eb34c28f22e8b96e1ab97ce403110664 -> 
  custom:video-decoder-webm-vp8: 9c59270c3fd7afecdb556c50c9e8de78 -> 
  custom:audio-decoder-ogg-vorbis: bf7c407c2cedff20999df2af8eb42d56 -> 
  custom:audio-encoder-webm-vorbis: bf7c407c2cedff20999df2af8eb42d56 -> 
========================================================================
Received Prepare
Registering precompiled user dll's ...
Registered in 0.002238 seconds.
Begin MonoManager ReloadAssembly
Native extension for WindowsStandalone target not found
Refreshing native plugins compatible for Editor in 0.32 ms, found 2 plugins.
Preloading 0 native plugins for Editor in 0.00 ms.
Mono: successfully reloaded assembly
- Completed reload, in  0.843 seconds
Domain Reload Profiling:
	ReloadAssembly (843ms)
		BeginReloadAssembly (104ms)
			ExecutionOrderSort (0ms)
			DisableScriptedObjects (4ms)
			BackupInstance (0ms)
			ReleaseScriptingObjects (0ms)
			CreateAndSetChildDomain (29ms)
		EndReloadAssembly (686ms)
			LoadAssemblies (76ms)
			RebuildTransferFunctionScriptingTraits (0ms)
			SetupTypeCache (253ms)
			ReleaseScriptCaches (1ms)
			RebuildScriptCaches (34ms)
			SetupLoadedEditorAssemblies (237ms)
				LogAssemblyErrors (0ms)
				InitializePlatformSupportModulesInManaged (4ms)
				SetLoadedEditorAssemblies (0ms)
				RefreshPlugins (0ms)
				BeforeProcessingInitializeOnLoad (60ms)
				ProcessInitializeOnLoadAttributes (163ms)
				ProcessInitializeOnLoadMethodAttributes (7ms)
				AfterProcessingInitializeOnLoad (2ms)
				EditorAssembliesLoaded (0ms)
			ExecutionOrderSort2 (0ms)
			AwakeInstancesAfterBackupRestoration (6ms)
Platform modules already initialized, skipping
Refreshing native plugins compatible for Editor in 0.57 ms, found 2 plugins.
Preloading 0 native plugins for Editor in 0.00 ms.
Unloading 1496 Unused Serialized files (Serialized files now loaded: 0)
System memory in use before: 69.0 MB.
System memory in use after: 69.1 MB.

Unloading 14 unused Assets to reduce memory usage. Loaded Objects now: 1951.
Total: 4.238700 ms (FindLiveObjects: 0.198300 ms CreateObjectMapping: 0.059700 ms MarkObjects: 3.945400 ms  DeleteObjects: 0.033900 ms)

AssetImportParameters requested are different than current active one (requested -> active):
  custom:framework-win-MediaFoundation: 216162199b28c13a410421893ffa2e32 -> 
  custom:video-decoder-ogg-theora: a1e56fd34408186e4bbccfd4996cb3dc -> 
  custom:container-muxer-webm: aa71ff27fc2769a1b78a27578f13a17b -> 
  custom:container-demuxer-webm: 4f35f7cbe854078d1ac9338744f61a02 -> 
  custom:container-demuxer-ogg: 62fdf1f143b41e24485cea50d1cbac27 -> 
  custom:video-encoder-webm-vp8: eb34c28f22e8b96e1ab97ce403110664 -> 
  custom:video-decoder-webm-vp8: 9c59270c3fd7afecdb556c50c9e8de78 -> 
  custom:audio-decoder-ogg-vorbis: bf7c407c2cedff20999df2af8eb42d56 -> 
  custom:audio-encoder-webm-vorbis: bf7c407c2cedff20999df2af8eb42d56 -> 
========================================================================
Received Prepare
Registering precompiled user dll's ...
Registered in 0.003172 seconds.
Begin MonoManager ReloadAssembly
Native extension for WindowsStandalone target not found
Refreshing native plugins compatible for Editor in 0.61 ms, found 4 plugins.
Preloading 0 native plugins for Editor in 0.00 ms.
Mono: successfully reloaded assembly
- Completed reload, in  0.875 seconds
Domain Reload Profiling:
	ReloadAssembly (875ms)
		BeginReloadAssembly (102ms)
			ExecutionOrderSort (0ms)
			DisableScriptedObjects (4ms)
			BackupInstance (0ms)
			ReleaseScriptingObjects (0ms)
			CreateAndSetChildDomain (33ms)
		EndReloadAssembly (715ms)
			LoadAssemblies (77ms)
			RebuildTransferFunctionScriptingTraits (0ms)
			SetupTypeCache (254ms)
			ReleaseScriptCaches (1ms)
			RebuildScriptCaches (35ms)
			SetupLoadedEditorAssemblies (265ms)
				LogAssemblyErrors (0ms)
				InitializePlatformSupportModulesInManaged (4ms)
				SetLoadedEditorAssemblies (0ms)
				RefreshPlugins (1ms)
				BeforeProcessingInitializeOnLoad (74ms)
				ProcessInitializeOnLoadAttributes (176ms)
				ProcessInitializeOnLoadMethodAttributes (7ms)
				AfterProcessingInitializeOnLoad (2ms)
				EditorAssembliesLoaded (0ms)
			ExecutionOrderSort2 (0ms)
			AwakeInstancesAfterBackupRestoration (6ms)
Platform modules already initialized, skipping
Refreshing native plugins compatible for Editor in 0.72 ms, found 4 plugins.
Preloading 0 native plugins for Editor in 0.00 ms.
Unloading 1614 Unused Serialized files (Serialized files now loaded: 0)
System memory in use before: 78.1 MB.
System memory in use after: 74.4 MB.

Unloading 75 unused Assets to reduce memory usage. Loaded Objects now: 2010.
Total: 5.366700 ms (FindLiveObjects: 0.167100 ms CreateObjectMapping: 0.055200 ms MarkObjects: 4.333300 ms  DeleteObjects: 0.809100 ms)

AssetImportParameters requested are different than current active one (requested -> active):
  custom:framework-win-MediaFoundation: 216162199b28c13a410421893ffa2e32 -> 
  custom:video-decoder-ogg-theora: a1e56fd34408186e4bbccfd4996cb3dc -> 
  custom:container-muxer-webm: aa71ff27fc2769a1b78a27578f13a17b -> 
  custom:container-demuxer-webm: 4f35f7cbe854078d1ac9338744f61a02 -> 
  custom:container-demuxer-ogg: 62fdf1f143b41e24485cea50d1cbac27 -> 
  custom:video-encoder-webm-vp8: eb34c28f22e8b96e1ab97ce403110664 -> 
  custom:video-decoder-webm-vp8: 9c59270c3fd7afecdb556c50c9e8de78 -> 
  custom:audio-decoder-ogg-vorbis: bf7c407c2cedff20999df2af8eb42d56 -> 
  custom:audio-encoder-webm-vorbis: bf7c407c2cedff20999df2af8eb42d56 -> 
========================================================================
Received Prepare
Registering precompiled user dll's ...
Registered in 0.003084 seconds.
Begin MonoManager ReloadAssembly
Native extension for WindowsStandalone target not found
Refreshing native plugins compatible for Editor in 0.60 ms, found 4 plugins.
Preloading 0 native plugins for Editor in 0.00 ms.
Mono: successfully reloaded assembly
- Completed reload, in  0.787 seconds
Domain Reload Profiling:
	ReloadAssembly (788ms)
		BeginReloadAssembly (87ms)
			ExecutionOrderSort (0ms)
			DisableScriptedObjects (4ms)
			BackupInstance (0ms)
			ReleaseScriptingObjects (0ms)
			CreateAndSetChildDomain (26ms)
		EndReloadAssembly (652ms)
			LoadAssemblies (67ms)
			RebuildTransferFunctionScriptingTraits (0ms)
			SetupTypeCache (233ms)
			ReleaseScriptCaches (1ms)
			RebuildScriptCaches (34ms)
			SetupLoadedEditorAssemblies (234ms)
				LogAssemblyErrors (0ms)
				InitializePlatformSupportModulesInManaged (4ms)
				SetLoadedEditorAssemblies (0ms)
				RefreshPlugins (1ms)
				BeforeProcessingInitializeOnLoad (59ms)
				ProcessInitializeOnLoadAttributes (160ms)
				ProcessInitializeOnLoadMethodAttributes (8ms)
				AfterProcessingInitializeOnLoad (2ms)
				EditorAssembliesLoaded (0ms)
			ExecutionOrderSort2 (0ms)
			AwakeInstancesAfterBackupRestoration (6ms)
Platform modules already initialized, skipping
Refreshing native plugins compatible for Editor in 1.05 ms, found 4 plugins.
Preloading 0 native plugins for Editor in 0.00 ms.
Unloading 1614 Unused Serialized files (Serialized files now loaded: 0)
System memory in use before: 78.1 MB.
System memory in use after: 74.4 MB.

Unloading 75 unused Assets to reduce memory usage. Loaded Objects now: 2012.
Total: 5.293100 ms (FindLiveObjects: 0.221400 ms CreateObjectMapping: 0.068800 ms MarkObjects: 4.119600 ms  DeleteObjects: 0.881900 ms)

AssetImportParameters requested are different than current active one (requested -> active):
  custom:framework-win-MediaFoundation: 216162199b28c13a410421893ffa2e32 -> 
  custom:video-decoder-ogg-theora: a1e56fd34408186e4bbccfd4996cb3dc -> 
  custom:container-muxer-webm: aa71ff27fc2769a1b78a27578f13a17b -> 
  custom:container-demuxer-webm: 4f35f7cbe854078d1ac9338744f61a02 -> 
  custom:container-demuxer-ogg: 62fdf1f143b41e24485cea50d1cbac27 -> 
  custom:video-encoder-webm-vp8: eb34c28f22e8b96e1ab97ce403110664 -> 
  custom:video-decoder-webm-vp8: 9c59270c3fd7afecdb556c50c9e8de78 -> 
  custom:audio-decoder-ogg-vorbis: bf7c407c2cedff20999df2af8eb42d56 -> 
  custom:audio-encoder-webm-vorbis: bf7c407c2cedff20999df2af8eb42d56 -> 
========================================================================
Received Import Request.
  Time since last request: 2117.082826 seconds.
  path: Assets/Script
  artifactKey: Guid(5b5ab4e2b2537204492dcf5a4fa3b1a3) Importer(815301076,1909f56bfc062723c751e8b465ee728b)
Start importing Assets/Script using Guid(5b5ab4e2b2537204492dcf5a4fa3b1a3) Importer(815301076,1909f56bfc062723c751e8b465ee728b)  -> (artifact id: 'c9e9debdd72a473d791c301b2678745b') in 0.003120 seconds 
  Import took 0.005486 seconds .

========================================================================
Received Import Request.
  Time since last request: 1.390421 seconds.
  path: Assets/Scripts
  artifactKey: Guid(5b5ab4e2b2537204492dcf5a4fa3b1a3) Importer(815301076,1909f56bfc062723c751e8b465ee728b)
Start importing Assets/Scripts using Guid(5b5ab4e2b2537204492dcf5a4fa3b1a3) Importer(815301076,1909f56bfc062723c751e8b465ee728b)  -> (artifact id: '5097435bd2e6f37405e6ced0cb0a853c') in 0.001000 seconds 
  Import took 0.004001 seconds .

========================================================================
Received Import Request.
  Time since last request: 3.633346 seconds.
  path: Assets/Scenes/ChannelFour.unity
  artifactKey: Guid(4c586beff2c414a43a50a81a7ab46054) Importer(815301076,1909f56bfc062723c751e8b465ee728b)
Start importing Assets/Scenes/ChannelFour.unity using Guid(4c586beff2c414a43a50a81a7ab46054) Importer(815301076,1909f56bfc062723c751e8b465ee728b)  -> (artifact id: '3730400781fdbcb438a823eaa023889e') in 0.012783 seconds 
  Import took 0.016258 seconds .

========================================================================
Received Import Request.
  Time since last request: 10.021542 seconds.
  path: Assets/Scenes/ChannelFour_.unity
  artifactKey: Guid(4c586beff2c414a43a50a81a7ab46054) Importer(815301076,1909f56bfc062723c751e8b465ee728b)
Start importing Assets/Scenes/ChannelFour_.unity using Guid(4c586beff2c414a43a50a81a7ab46054) Importer(815301076,1909f56bfc062723c751e8b465ee728b)  -> (artifact id: '198931dae91aa8cc96add06cee934f66') in 0.001936 seconds 
  Import took 0.004933 seconds .

========================================================================
Received Import Request.
  Time since last request: 18.561584 seconds.
  path: Assets/Scenes/ChannelFour_.unity
  artifactKey: Guid(4c586beff2c414a43a50a81a7ab46054) Importer(815301076,1909f56bfc062723c751e8b465ee728b)
Start importing Assets/Scenes/ChannelFour_.unity using Guid(4c586beff2c414a43a50a81a7ab46054) Importer(815301076,1909f56bfc062723c751e8b465ee728b)  -> (artifact id: 'eaa4d80461e1f1fecda0d07957fb996e') in 0.002139 seconds 
  Import took 0.005329 seconds .

========================================================================
Received Import Request.
  Time since last request: 21.403925 seconds.
  path: Assets/Scripts/MediaCtr.cs
  artifactKey: Guid(c1fdb324818edf84895858bb6d0c7cd0) Importer(815301076,1909f56bfc062723c751e8b465ee728b)
Start importing Assets/Scripts/MediaCtr.cs using Guid(c1fdb324818edf84895858bb6d0c7cd0) Importer(815301076,1909f56bfc062723c751e8b465ee728b)  -> (artifact id: '1d196bccd870f7d7425d1eeec4ae2626') in 0.001361 seconds 
  Import took 0.003877 seconds .

========================================================================
Received Prepare
Registering precompiled user dll's ...
Registered in 0.003165 seconds.
Begin MonoManager ReloadAssembly
Native extension for WindowsStandalone target not found
Refreshing native plugins compatible for Editor in 0.60 ms, found 4 plugins.
Preloading 0 native plugins for Editor in 0.00 ms.
Mono: successfully reloaded assembly
- Completed reload, in  0.950 seconds
Domain Reload Profiling:
	ReloadAssembly (950ms)
		BeginReloadAssembly (97ms)
			ExecutionOrderSort (0ms)
			DisableScriptedObjects (4ms)
			BackupInstance (0ms)
			ReleaseScriptingObjects (0ms)
			CreateAndSetChildDomain (30ms)
		EndReloadAssembly (788ms)
			LoadAssemblies (83ms)
			RebuildTransferFunctionScriptingTraits (0ms)
			SetupTypeCache (338ms)
			ReleaseScriptCaches (1ms)
			RebuildScriptCaches (39ms)
			SetupLoadedEditorAssemblies (238ms)
				LogAssemblyErrors (0ms)
				InitializePlatformSupportModulesInManaged (4ms)
				SetLoadedEditorAssemblies (0ms)
				RefreshPlugins (1ms)
				BeforeProcessingInitializeOnLoad (58ms)
				ProcessInitializeOnLoadAttributes (166ms)
				ProcessInitializeOnLoadMethodAttributes (7ms)
				AfterProcessingInitializeOnLoad (2ms)
				EditorAssembliesLoaded (0ms)
			ExecutionOrderSort2 (0ms)
			AwakeInstancesAfterBackupRestoration (6ms)
Platform modules already initialized, skipping
Refreshing native plugins compatible for Editor in 0.68 ms, found 4 plugins.
Preloading 0 native plugins for Editor in 0.00 ms.
Unloading 1615 Unused Serialized files (Serialized files now loaded: 0)
System memory in use before: 78.2 MB.
System memory in use after: 74.5 MB.

Unloading 75 unused Assets to reduce memory usage. Loaded Objects now: 2015.
Total: 3.777900 ms (FindLiveObjects: 0.179100 ms CreateObjectMapping: 0.063000 ms MarkObjects: 2.716700 ms  DeleteObjects: 0.817600 ms)

AssetImportParameters requested are different than current active one (requested -> active):
  custom:framework-win-MediaFoundation: 216162199b28c13a410421893ffa2e32 -> 
  custom:video-decoder-ogg-theora: a1e56fd34408186e4bbccfd4996cb3dc -> 
  custom:container-muxer-webm: aa71ff27fc2769a1b78a27578f13a17b -> 
  custom:container-demuxer-webm: 4f35f7cbe854078d1ac9338744f61a02 -> 
  custom:container-demuxer-ogg: 62fdf1f143b41e24485cea50d1cbac27 -> 
  custom:video-encoder-webm-vp8: eb34c28f22e8b96e1ab97ce403110664 -> 
  custom:video-decoder-webm-vp8: 9c59270c3fd7afecdb556c50c9e8de78 -> 
  custom:audio-decoder-ogg-vorbis: bf7c407c2cedff20999df2af8eb42d56 -> 
  custom:audio-encoder-webm-vorbis: bf7c407c2cedff20999df2af8eb42d56 -> 
========================================================================
Received Import Request.
  Time since last request: 81.856080 seconds.
  path: Assets/Scripts/GetUDPMessage.cs
  artifactKey: Guid(74f5e35b59ab92b4483597ab466e8285) Importer(815301076,1909f56bfc062723c751e8b465ee728b)
Start importing Assets/Scripts/GetUDPMessage.cs using Guid(74f5e35b59ab92b4483597ab466e8285) Importer(815301076,1909f56bfc062723c751e8b465ee728b)  -> (artifact id: '4a31f826253aeacff91a7f2a5bba4a76') in 0.004280 seconds 
  Import took 0.008399 seconds .

========================================================================
Received Import Request.
  Time since last request: 1833.107302 seconds.
  path: Assets/StreamingAssets/New Folder
  artifactKey: Guid(cbabb2d1942da9a438128269a27a4bf9) Importer(815301076,1909f56bfc062723c751e8b465ee728b)
Start importing Assets/StreamingAssets/New Folder using Guid(cbabb2d1942da9a438128269a27a4bf9) Importer(815301076,1909f56bfc062723c751e8b465ee728b)  -> (artifact id: 'e5603add134f37af1954a91325dc29de') in 0.001351 seconds 
  Import took 0.004610 seconds .

========================================================================
Received Import Request.
  Time since last request: 3.015977 seconds.
  path: Assets/StreamingAssets/projector_calibration.json
  artifactKey: Guid(99fd4657ed5ac454897791eb3425a424) Importer(815301076,1909f56bfc062723c751e8b465ee728b)
Start importing Assets/StreamingAssets/projector_calibration.json using Guid(99fd4657ed5ac454897791eb3425a424) Importer(815301076,1909f56bfc062723c751e8b465ee728b)  -> (artifact id: 'ebcdac98d3e6bb6e1db15f60f9ca34e5') in 0.010565 seconds 
  Import took 0.013186 seconds .

========================================================================
Received Import Request.
  Time since last request: 275.128136 seconds.
  path: Assets/Scripts/ValueSheet.cs
  artifactKey: Guid(224e415765de20c41be5d86d7db98324) Importer(815301076,1909f56bfc062723c751e8b465ee728b)
Start importing Assets/Scripts/ValueSheet.cs using Guid(224e415765de20c41be5d86d7db98324) Importer(815301076,1909f56bfc062723c751e8b465ee728b)  -> (artifact id: '3de74f8ddc25bcde6ba7e27236794ab8') in 0.041520 seconds 
  Import took 0.044669 seconds .

========================================================================
Received Import Request.
  Time since last request: 8.355265 seconds.
  path: Assets/Scripts/EvnetCenter
  artifactKey: Guid(acad27e736c862344a280dafbfa128fa) Importer(815301076,1909f56bfc062723c751e8b465ee728b)
Start importing Assets/Scripts/EvnetCenter using Guid(acad27e736c862344a280dafbfa128fa) Importer(815301076,1909f56bfc062723c751e8b465ee728b)  -> (artifact id: 'c7200315bb247ae1104c1168a71acfb2') in 0.001210 seconds 
  Import took 0.003652 seconds .

========================================================================
Received Import Request.
  Time since last request: 1.303811 seconds.
  path: Assets/Scripts/CallBack.cs
  artifactKey: Guid(be39bb64804414b46b71c89b7f812357) Importer(815301076,1909f56bfc062723c751e8b465ee728b)
Start importing Assets/Scripts/CallBack.cs using Guid(be39bb64804414b46b71c89b7f812357) Importer(815301076,1909f56bfc062723c751e8b465ee728b)  -> (artifact id: '4af9beace9333569fe7c9d7152833710') in 0.001281 seconds 
  Import took 0.003921 seconds .

========================================================================
Received Import Request.
  Time since last request: 6.157648 seconds.
  path: Assets/Scripts/UDP
  artifactKey: Guid(db8d9d9d7833cd74e8bd80bd18aac32f) Importer(815301076,1909f56bfc062723c751e8b465ee728b)
Start importing Assets/Scripts/UDP using Guid(db8d9d9d7833cd74e8bd80bd18aac32f) Importer(815301076,1909f56bfc062723c751e8b465ee728b)  -> (artifact id: 'a93d7f113455edc36f1ecd706c02fefd') in 0.001686 seconds 
  Import took 0.004805 seconds .

========================================================================
Received Import Request.
  Time since last request: 4.439846 seconds.
  path: Assets/Scripts/DealWithUDPMessage.cs
  artifactKey: Guid(a11d0e39d4378f9419bea0b07efd93f8) Importer(815301076,1909f56bfc062723c751e8b465ee728b)
Start importing Assets/Scripts/DealWithUDPMessage.cs using Guid(a11d0e39d4378f9419bea0b07efd93f8) Importer(815301076,1909f56bfc062723c751e8b465ee728b)  -> (artifact id: 'bcb0adc56dba7242b4e8f09a4b88327b') in 0.001394 seconds 
  Import took 0.004213 seconds .

========================================================================
Received Import Request.
  Time since last request: 3.460777 seconds.
  path: Assets/Scripts/ReadJson.cs
  artifactKey: Guid(f81c615063a0d11408286b05967deb18) Importer(815301076,1909f56bfc062723c751e8b465ee728b)
Start importing Assets/Scripts/ReadJson.cs using Guid(f81c615063a0d11408286b05967deb18) Importer(815301076,1909f56bfc062723c751e8b465ee728b)  -> (artifact id: '5434d009950ebfdbb18f5ce9ef01df1c') in 0.001253 seconds 
  Import took 0.004131 seconds .

========================================================================
Received Import Request.
  Time since last request: 9.687967 seconds.
  path: Assets/Scripts/Json
  artifactKey: Guid(e8078fd7bf82eab4b9de8d9cd5e7e26b) Importer(815301076,1909f56bfc062723c751e8b465ee728b)
Start importing Assets/Scripts/Json using Guid(e8078fd7bf82eab4b9de8d9cd5e7e26b) Importer(815301076,1909f56bfc062723c751e8b465ee728b)  -> (artifact id: 'ab84ddc066f02c5c48fb12d934694535') in 0.001046 seconds 
  Import took 0.003925 seconds .

========================================================================
Received Import Request.
  Time since last request: 1.250592 seconds.
  path: Assets/Scripts/LitJson.dll
  artifactKey: Guid(f15fafbc48d538240b759384d0819059) Importer(815301076,1909f56bfc062723c751e8b465ee728b)
Start importing Assets/Scripts/LitJson.dll using Guid(f15fafbc48d538240b759384d0819059) Importer(815301076,1909f56bfc062723c751e8b465ee728b)  -> (artifact id: 'd667cf55476ffa7da5bd5b445fc1ee21') in 0.007270 seconds 
  Import took 0.010090 seconds .

========================================================================
Received Import Request.
  Time since last request: 23.695113 seconds.
  path: Assets/Scripts/ValueSheet.cs
  artifactKey: Guid(224e415765de20c41be5d86d7db98324) Importer(815301076,1909f56bfc062723c751e8b465ee728b)
Start importing Assets/Scripts/ValueSheet.cs using Guid(224e415765de20c41be5d86d7db98324) Importer(815301076,1909f56bfc062723c751e8b465ee728b)  -> (artifact id: '3503705d57a9dae1f3d3ce8642b55904') in 0.001186 seconds 
  Import took 0.004405 seconds .

========================================================================
Received Import Request.
  Time since last request: 43.008438 seconds.
  path: Assets/Scripts/ValueSheet.cs
  artifactKey: Guid(224e415765de20c41be5d86d7db98324) Importer(815301076,1909f56bfc062723c751e8b465ee728b)
Start importing Assets/Scripts/ValueSheet.cs using Guid(224e415765de20c41be5d86d7db98324) Importer(815301076,1909f56bfc062723c751e8b465ee728b)  -> (artifact id: '740ec6a6a61f336095cfaa46d90d8518') in 0.001223 seconds 
  Import took 0.004389 seconds .

========================================================================
Received Import Request.
  Time since last request: 2.890259 seconds.
  path: Assets/Scripts/ValueSheet.cs
  artifactKey: Guid(224e415765de20c41be5d86d7db98324) Importer(815301076,1909f56bfc062723c751e8b465ee728b)
Start importing Assets/Scripts/ValueSheet.cs using Guid(224e415765de20c41be5d86d7db98324) Importer(815301076,1909f56bfc062723c751e8b465ee728b)  -> (artifact id: '9d0c0bd6a39a429384ad45727213d2df') in 0.000884 seconds 
  Import took 0.003257 seconds .

========================================================================
Received Import Request.
  Time since last request: 6.085545 seconds.
  path: Assets/Scripts/ValueSheet.cs
  artifactKey: Guid(224e415765de20c41be5d86d7db98324) Importer(815301076,1909f56bfc062723c751e8b465ee728b)
Start importing Assets/Scripts/ValueSheet.cs using Guid(224e415765de20c41be5d86d7db98324) Importer(815301076,1909f56bfc062723c751e8b465ee728b)  -> (artifact id: '912ac9ffef3d56bfac2fa20ccdd9f361') in 0.001302 seconds 
  Import took 0.004205 seconds .

========================================================================
Received Import Request.
  Time since last request: 16.143736 seconds.
  path: Assets/Scripts/ValueSheet.cs
  artifactKey: Guid(224e415765de20c41be5d86d7db98324) Importer(815301076,1909f56bfc062723c751e8b465ee728b)
Start importing Assets/Scripts/ValueSheet.cs using Guid(224e415765de20c41be5d86d7db98324) Importer(815301076,1909f56bfc062723c751e8b465ee728b)  -> (artifact id: 'cd4b558556087a3e1f9bc7a31a5eeba1') in 0.000979 seconds 
  Import took 0.004239 seconds .

========================================================================
Received Import Request.
  Time since last request: 42.982439 seconds.
  path: Assets/Scripts/ValueSheet.cs
  artifactKey: Guid(224e415765de20c41be5d86d7db98324) Importer(815301076,1909f56bfc062723c751e8b465ee728b)
Start importing Assets/Scripts/ValueSheet.cs using Guid(224e415765de20c41be5d86d7db98324) Importer(815301076,1909f56bfc062723c751e8b465ee728b)  -> (artifact id: '05372f3f8bb501bc546fd8ff938fc0bb') in 0.001267 seconds 
  Import took 0.003904 seconds .

========================================================================
Received Import Request.
  Time since last request: 43.699614 seconds.
  path: Assets/Scripts/ValueSheet.cs
  artifactKey: Guid(224e415765de20c41be5d86d7db98324) Importer(815301076,1909f56bfc062723c751e8b465ee728b)
Start importing Assets/Scripts/ValueSheet.cs using Guid(224e415765de20c41be5d86d7db98324) Importer(815301076,1909f56bfc062723c751e8b465ee728b)  -> (artifact id: 'ee912c319a9148280f44566522bf251b') in 0.001051 seconds 
  Import took 0.003312 seconds .

========================================================================
Received Import Request.
  Time since last request: 68.260264 seconds.
  path: Assets/Scripts/ValueSheet.cs
  artifactKey: Guid(224e415765de20c41be5d86d7db98324) Importer(815301076,1909f56bfc062723c751e8b465ee728b)
Start importing Assets/Scripts/ValueSheet.cs using Guid(224e415765de20c41be5d86d7db98324) Importer(815301076,1909f56bfc062723c751e8b465ee728b)  -> (artifact id: 'c23bab5ac5cdd228e10053b9926cb8dc') in 0.000972 seconds 
  Import took 0.003817 seconds .

========================================================================
Received Import Request.
  Time since last request: 25.406875 seconds.
  path: Assets/Scripts/ValueSheet.cs
  artifactKey: Guid(224e415765de20c41be5d86d7db98324) Importer(815301076,1909f56bfc062723c751e8b465ee728b)
Start importing Assets/Scripts/ValueSheet.cs using Guid(224e415765de20c41be5d86d7db98324) Importer(815301076,1909f56bfc062723c751e8b465ee728b)  -> (artifact id: '64ccaefe8b4772196377a762cd25b18c') in 0.001156 seconds 
  Import took 0.003721 seconds .

========================================================================
Received Import Request.
  Time since last request: 55.451022 seconds.
  path: Assets/Scripts/ValueSheet.cs
  artifactKey: Guid(224e415765de20c41be5d86d7db98324) Importer(815301076,1909f56bfc062723c751e8b465ee728b)
Start importing Assets/Scripts/ValueSheet.cs using Guid(224e415765de20c41be5d86d7db98324) Importer(815301076,1909f56bfc062723c751e8b465ee728b)  -> (artifact id: '0357cb7c13fc5fc6a4eff6ff3124cde5') in 0.000924 seconds 
  Import took 0.003522 seconds .

========================================================================
Received Import Request.
  Time since last request: 24.609386 seconds.
  path: Assets/Scripts/ValueSheet.cs
  artifactKey: Guid(224e415765de20c41be5d86d7db98324) Importer(815301076,1909f56bfc062723c751e8b465ee728b)
Start importing Assets/Scripts/ValueSheet.cs using Guid(224e415765de20c41be5d86d7db98324) Importer(815301076,1909f56bfc062723c751e8b465ee728b)  -> (artifact id: '0e609d509c467a173550be2eef05f650') in 0.000921 seconds 
  Import took 0.003360 seconds .

========================================================================
Received Import Request.
  Time since last request: 3.600145 seconds.
  path: Assets/Scripts/ValueSheet.cs
  artifactKey: Guid(224e415765de20c41be5d86d7db98324) Importer(815301076,1909f56bfc062723c751e8b465ee728b)
Start importing Assets/Scripts/ValueSheet.cs using Guid(224e415765de20c41be5d86d7db98324) Importer(815301076,1909f56bfc062723c751e8b465ee728b)  -> (artifact id: '2976ab70be4eff392bb9477e77d7e11a') in 0.001387 seconds 
  Import took 0.004508 seconds .

========================================================================
Received Import Request.
  Time since last request: 92.359966 seconds.
  path: Assets/Scripts/ValueSheet.cs
  artifactKey: Guid(224e415765de20c41be5d86d7db98324) Importer(815301076,1909f56bfc062723c751e8b465ee728b)
Start importing Assets/Scripts/ValueSheet.cs using Guid(224e415765de20c41be5d86d7db98324) Importer(815301076,1909f56bfc062723c751e8b465ee728b)  -> (artifact id: '05550be3b333c96b5ae2378c321eb762') in 0.000925 seconds 
  Import took 0.003778 seconds .

========================================================================
Received Import Request.
  Time since last request: 5.366517 seconds.
  path: Assets/Scripts/ValueSheet.cs
  artifactKey: Guid(224e415765de20c41be5d86d7db98324) Importer(815301076,1909f56bfc062723c751e8b465ee728b)
Start importing Assets/Scripts/ValueSheet.cs using Guid(224e415765de20c41be5d86d7db98324) Importer(815301076,1909f56bfc062723c751e8b465ee728b)  -> (artifact id: '5e5be6fa695518d5d2a2b599f1bdd254') in 0.000966 seconds 
  Import took 0.003621 seconds .

========================================================================
Received Import Request.
  Time since last request: 20.640282 seconds.
  path: Assets/Scripts/ValueSheet.cs
  artifactKey: Guid(224e415765de20c41be5d86d7db98324) Importer(815301076,1909f56bfc062723c751e8b465ee728b)
Start importing Assets/Scripts/ValueSheet.cs using Guid(224e415765de20c41be5d86d7db98324) Importer(815301076,1909f56bfc062723c751e8b465ee728b)  -> (artifact id: '8e9ae06aa72d05589f441e321b184fc8') in 0.000925 seconds 
  Import took 0.003804 seconds .

========================================================================
Received Import Request.
  Time since last request: 60.949722 seconds.
  path: Assets/Scripts/ValueSheet.cs
  artifactKey: Guid(224e415765de20c41be5d86d7db98324) Importer(815301076,1909f56bfc062723c751e8b465ee728b)
Start importing Assets/Scripts/ValueSheet.cs using Guid(224e415765de20c41be5d86d7db98324) Importer(815301076,1909f56bfc062723c751e8b465ee728b)  -> (artifact id: '0cce9c7aeb7835a5191510bc49a3fad4') in 0.001096 seconds 
  Import took 0.003698 seconds .

========================================================================
Received Import Request.
  Time since last request: 10.662734 seconds.
  path: Assets/Scripts/ValueSheet.cs
  artifactKey: Guid(224e415765de20c41be5d86d7db98324) Importer(815301076,1909f56bfc062723c751e8b465ee728b)
Start importing Assets/Scripts/ValueSheet.cs using Guid(224e415765de20c41be5d86d7db98324) Importer(815301076,1909f56bfc062723c751e8b465ee728b)  -> (artifact id: '3639f17e6652f69df4fa31de8601f169') in 0.001116 seconds 
  Import took 0.003939 seconds .

========================================================================
Received Import Request.
  Time since last request: 4.881082 seconds.
  path: Assets/Scripts/ValueSheet.cs
  artifactKey: Guid(224e415765de20c41be5d86d7db98324) Importer(815301076,1909f56bfc062723c751e8b465ee728b)
Start importing Assets/Scripts/ValueSheet.cs using Guid(224e415765de20c41be5d86d7db98324) Importer(815301076,1909f56bfc062723c751e8b465ee728b)  -> (artifact id: 'c53524453955c9f81ffdb1f3ab1dff4a') in 0.001271 seconds 
  Import took 0.003856 seconds .

========================================================================
Received Import Request.
  Time since last request: 2.998005 seconds.
  path: Assets/Scripts/ValueSheet.cs
  artifactKey: Guid(224e415765de20c41be5d86d7db98324) Importer(815301076,1909f56bfc062723c751e8b465ee728b)
Start importing Assets/Scripts/ValueSheet.cs using Guid(224e415765de20c41be5d86d7db98324) Importer(815301076,1909f56bfc062723c751e8b465ee728b)  -> (artifact id: 'a49ae397f0e4df9db72bb77877eb81e3') in 0.000995 seconds 
  Import took 0.004293 seconds .

========================================================================
Received Import Request.
  Time since last request: 3.279860 seconds.
  path: Assets/Scripts/ValueSheet.cs
  artifactKey: Guid(224e415765de20c41be5d86d7db98324) Importer(815301076,1909f56bfc062723c751e8b465ee728b)
Start importing Assets/Scripts/ValueSheet.cs using Guid(224e415765de20c41be5d86d7db98324) Importer(815301076,1909f56bfc062723c751e8b465ee728b)  -> (artifact id: 'b8587853871b016bcc1bcdae50fe3151') in 0.001053 seconds 
  Import took 0.004040 seconds .

========================================================================
Received Import Request.
  Time since last request: 4.194755 seconds.
  path: Assets/Scripts/ValueSheet.cs
  artifactKey: Guid(224e415765de20c41be5d86d7db98324) Importer(815301076,1909f56bfc062723c751e8b465ee728b)
Start importing Assets/Scripts/ValueSheet.cs using Guid(224e415765de20c41be5d86d7db98324) Importer(815301076,1909f56bfc062723c751e8b465ee728b)  -> (artifact id: 'd76073c2944320f0087555e9215d02a5') in 0.001309 seconds 
  Import took 0.005135 seconds .

========================================================================
Received Import Request.
  Time since last request: 42.106572 seconds.
  path: Assets/Scripts/ValueSheet.cs
  artifactKey: Guid(224e415765de20c41be5d86d7db98324) Importer(815301076,1909f56bfc062723c751e8b465ee728b)
Start importing Assets/Scripts/ValueSheet.cs using Guid(224e415765de20c41be5d86d7db98324) Importer(815301076,1909f56bfc062723c751e8b465ee728b)  -> (artifact id: 'a3b7c37011866cff7983726e44f2414a') in 0.001291 seconds 
  Import took 0.004180 seconds .

========================================================================
Received Import Request.
  Time since last request: 3.188318 seconds.
  path: Assets/Scripts/ValueSheet.cs
  artifactKey: Guid(224e415765de20c41be5d86d7db98324) Importer(815301076,1909f56bfc062723c751e8b465ee728b)
Start importing Assets/Scripts/ValueSheet.cs using Guid(224e415765de20c41be5d86d7db98324) Importer(815301076,1909f56bfc062723c751e8b465ee728b)  -> (artifact id: '39828ff385aa24e24d57844b09a02454') in 0.001078 seconds 
  Import took 0.003696 seconds .

========================================================================
Received Import Request.
  Time since last request: 3.897269 seconds.
  path: Assets/Scripts/ValueSheet.cs
  artifactKey: Guid(224e415765de20c41be5d86d7db98324) Importer(815301076,1909f56bfc062723c751e8b465ee728b)
Start importing Assets/Scripts/ValueSheet.cs using Guid(224e415765de20c41be5d86d7db98324) Importer(815301076,1909f56bfc062723c751e8b465ee728b)  -> (artifact id: 'dcc36e80cbe2b88d1cc4b3294d7c470d') in 0.001211 seconds 
  Import took 0.003882 seconds .

========================================================================
Received Import Request.
  Time since last request: 56.378734 seconds.
  path: Assets/Scripts/ValueSheet.cs
  artifactKey: Guid(224e415765de20c41be5d86d7db98324) Importer(815301076,1909f56bfc062723c751e8b465ee728b)
Start importing Assets/Scripts/ValueSheet.cs using Guid(224e415765de20c41be5d86d7db98324) Importer(815301076,1909f56bfc062723c751e8b465ee728b)  -> (artifact id: 'a92208785fa57f75cc40fac2f09dc654') in 0.000930 seconds 
  Import took 0.003636 seconds .

AssetImportWorkerClient::OnTransportError - code=2 error=End of file
